<?xml version="1.0" encoding="UTF-8"?>
<robot generator="Robot 7.1.1 (Python 3.13.0 on win32)" generated="2024-11-28T14:54:42.040817" rpa="false" schemaversion="5">
<suite id="s1" name="Teste3" source="C:\Users\Dell\Documents\Projetos\Exemplo-bnb\teste3.robot">
<test id="s1-t1" name="Cenário 1: Acessando o site da QAzando" line="37">
<kw name="Abrir Site">
<kw name="Open Browser" owner="SeleniumLibrary">
<msg time="2024-11-28T14:54:42.625701" level="INFO">Opening browser 'chrome' to base url 'https://automationpratice.com.br/'.</msg>
<arg>${SITE_URL}</arg>
<arg>chrome</arg>
<doc>Opens a new browser instance to the optional ``url``.</doc>
<status status="PASS" start="2024-11-28T14:54:42.623875" elapsed="5.543316"/>
</kw>
<kw name="Esperar Elemento">
<kw name="Set Selenium Implicit Wait" owner="SeleniumLibrary">
<arg>${tempo}s</arg>
<doc>Sets the implicit wait value used by Selenium.</doc>
<status status="PASS" start="2024-11-28T14:54:48.170051" elapsed="0.007973"/>
</kw>
<arg>10</arg>
<status status="PASS" start="2024-11-28T14:54:48.168514" elapsed="0.010057"/>
</kw>
<status status="PASS" start="2024-11-28T14:54:42.621153" elapsed="5.557649"/>
</kw>
<kw name="Clicar em Link de Login">
<kw name="Click Element" owner="SeleniumLibrary">
<msg time="2024-11-28T14:54:48.187071" level="INFO">Clicking element 'xpath://a[@href='/login']'.</msg>
<arg>xpath://a[@href='/login']</arg>
<doc>Click the element identified by ``locator``.</doc>
<status status="PASS" start="2024-11-28T14:54:48.185989" elapsed="1.116750"/>
</kw>
<status status="PASS" start="2024-11-28T14:54:48.184950" elapsed="1.118160"/>
</kw>
<kw name="Preencher Campo de E-mail">
<kw name="Input Text" owner="SeleniumLibrary">
<msg time="2024-11-28T14:54:49.325171" level="INFO">Typing text 'qazando@teste.com' into text field 'id:user'.</msg>
<arg>id:user</arg>
<arg>${USUARIO_EMAIL}</arg>
<doc>Types the given ``text`` into the text field identified by ``locator``.</doc>
<status status="PASS" start="2024-11-28T14:54:49.319849" elapsed="0.723404"/>
</kw>
<status status="PASS" start="2024-11-28T14:54:49.317053" elapsed="0.726578"/>
</kw>
<kw name="Preencher Campo de Senha">
<kw name="Input Text" owner="SeleniumLibrary">
<msg time="2024-11-28T14:54:50.046181" level="INFO">Typing text '123456' into text field 'id:password'.</msg>
<arg>id:password</arg>
<arg>${USUAARIO_SENHA}</arg>
<doc>Types the given ``text`` into the text field identified by ``locator``.</doc>
<status status="PASS" start="2024-11-28T14:54:50.045355" elapsed="0.291373"/>
</kw>
<status status="PASS" start="2024-11-28T14:54:50.044493" elapsed="0.292749"/>
</kw>
<kw name="Clicar em Botão de Login">
<kw name="Click Element" owner="SeleniumLibrary">
<msg time="2024-11-28T14:54:50.344809" level="INFO">Clicking element 'id:btnLogin'.</msg>
<arg>id:btnLogin</arg>
<doc>Click the element identified by ``locator``.</doc>
<status status="PASS" start="2024-11-28T14:54:50.344351" elapsed="0.370125"/>
</kw>
<status status="PASS" start="2024-11-28T14:54:50.343361" elapsed="0.371511"/>
</kw>
<kw name="Verificar texto login realizado">
<kw name="Get Text" owner="SeleniumLibrary">
<msg time="2024-11-28T14:54:51.085923" level="INFO">${texto_atual} = Login realizado</msg>
<var>${texto_atual}</var>
<arg>id:swal2-title</arg>
<doc>Returns the text value of the element identified by ``locator``.</doc>
<status status="PASS" start="2024-11-28T14:54:50.716623" elapsed="0.369428"/>
</kw>
<kw name="Should Be Equal As Strings" owner="BuiltIn">
<arg>${texto_atual}</arg>
<arg>Login realizado</arg>
<doc>Fails if objects are unequal after converting them to strings.</doc>
<status status="PASS" start="2024-11-28T14:54:51.086556" elapsed="0.002160"/>
</kw>
<status status="PASS" start="2024-11-28T14:54:50.715759" elapsed="0.373277"/>
</kw>
<tag>Cenario1</tag>
<status status="PASS" start="2024-11-28T14:54:42.617707" elapsed="8.480793"/>
</test>
<status status="PASS" start="2024-11-28T14:54:42.043401" elapsed="9.061872"/>
</suite>
<statistics>
<total>
<stat pass="1" fail="0" skip="0">All Tests</stat>
</total>
<tag>
<stat pass="1" fail="0" skip="0">Cenario1</stat>
</tag>
<suite>
<stat pass="1" fail="0" skip="0" id="s1" name="Teste3">Teste3</stat>
</suite>
</statistics>
<errors>
</errors>
</robot>
