<?xml version="1.0" encoding="UTF-8"?>
<robot generator="Robot 7.1.1 (Python 3.13.0 on win32)" generated="2024-11-28T19:47:47.138319" rpa="false" schemaversion="5">
<suite id="s1" name="Teste" source="C:\Users\Dell\Teste_BNB\teste.robot">
<test id="s1-t1" name="Cenário 1: Acessando o site da QAzando" line="39">
<kw name="Abrir Site">
<kw name="Open Browser" owner="SeleniumLibrary">
<msg time="2024-11-28T19:47:47.919798" level="INFO">Opening browser 'chrome' to base url 'https://automationpratice.cm.br/'.</msg>
<msg time="2024-11-28T19:47:55.850608" level="INFO" html="true">&lt;/td&gt;&lt;/tr&gt;&lt;tr&gt;&lt;td colspan="3"&gt;&lt;a href="selenium-screenshot-1.png"&gt;&lt;img src="selenium-screenshot-1.png" width="800px"&gt;&lt;/a&gt;</msg>
<msg time="2024-11-28T19:47:55.851409" level="FAIL">WebDriverException: Message: unknown error: net::ERR_NAME_NOT_RESOLVED
  (Session info: chrome=131.0.6778.86)
Stacktrace:
	GetHandleVerifier [0x00007FF7618E6CB5+28821]
	(No symbol) [0x00007FF761853840]
	(No symbol) [0x00007FF7616F578A]
	(No symbol) [0x00007FF7616F2E88]
	(No symbol) [0x00007FF7616E3BF9]
	(No symbol) [0x00007FF7616E594F]
	(No symbol) [0x00007FF7616E3EBF]
	(No symbol) [0x00007FF7616E371B]
	(No symbol) [0x00007FF7616E365A]
	(No symbol) [0x00007FF7616E1274]
	(No symbol) [0x00007FF7616E1B3C]
	(No symbol) [0x00007FF7616F885A]
	(No symbol) [0x00007FF7617901FE]
	(No symbol) [0x00007FF76176F2FA]
	(No symbol) [0x00007FF76178F412]
	(No symbol) [0x00007FF76176F0A3]
	(No symbol) [0x00007FF76173A778]
	(No symbol) [0x00007FF76173B8E1]
	GetHandleVerifier [0x00007FF761C1FCAD+3408013]
	GetHandleVerifier [0x00007FF761C3741F+3504127]
	GetHandleVerifier [0x00007FF761C2B5FD+3455453]
	GetHandleVerifier [0x00007FF7619ABDBB+835995]
	(No symbol) [0x00007FF76185EB5F]
	(No symbol) [0x00007FF76185A814]
	(No symbol) [0x00007FF76185A9AD]
	(No symbol) [0x00007FF76184A199]
	BaseThreadInitThunk [0x00007FFEECDF7374+20]
	RtlUserThreadStart [0x00007FFEEE5FCC91+33]
</msg>
<arg>${SITE_URL}</arg>
<arg>chrome</arg>
<doc>Opens a new browser instance to the optional ``url``.</doc>
<status status="FAIL" start="2024-11-28T19:47:47.919417" elapsed="7.972185">WebDriverException: Message: unknown error: net::ERR_NAME_NOT_RESOLVED
  (Session info: chrome=131.0.6778.86)
Stacktrace:
	GetHandleVerifier [0x00007FF7618E6CB5+28821]
	(No symbol) [0x00007FF761853840]
	(No symbol) [0x00007FF7616F578A]
	(No symbol) [0x00007FF7616F2E88]
	(No symbol) [0x00007FF7616E3BF9]
	(No symbol) [0x00007FF7616E594F]
	(No symbol) [0x00007FF7616E3EBF]
	(No symbol) [0x00007FF7616E371B]
	(No symbol) [0x00007FF7616E365A]
	(No symbol) [0x00007FF7616E1274]
	(No symbol) [0x00007FF7616E1B3C]
	(No symbol) [0x00007FF7616F885A]
	(No symbol) [0x00007FF7617901FE]
	(No symbol) [0x00007FF76176F2FA]
	(No symbol) [0x00007FF76178F412]
	(No symbol) [0x00007FF76176F0A3]
	(No symbol) [0x00007FF76173A778]
	(No symbol) [0x00007FF76173B8E1]
	GetHandleVerifier [0x00007FF761C1FCAD+3408013]
	GetHandleVerifier [0x00007FF761C3741F+3504127]
	GetHandleVerifier [0x00007FF761C2B5FD+3455453]
	GetHandleVerifier [0x00007FF7619ABDBB+835995]
	(No symbol) [0x00007FF76185EB5F]
	(No symbol) [0x00007FF76185A814]
	(No symbol) [0x00007FF76185A9AD]
	(No symbol) [0x00007FF76184A199]
	BaseThreadInitThunk [0x00007FFEECDF7374+20]
	RtlUserThreadStart [0x00007FFEEE5FCC91+33]
</status>
</kw>
<kw name="Esperar Elemento">
<arg>10</arg>
<status status="NOT RUN" start="2024-11-28T19:47:55.893301" elapsed="0.000177"/>
</kw>
<status status="FAIL" start="2024-11-28T19:47:47.918286" elapsed="7.975890">WebDriverException: Message: unknown error: net::ERR_NAME_NOT_RESOLVED
  (Session info: chrome=131.0.6778.86)
Stacktrace:
	GetHandleVerifier [0x00007FF7618E6CB5+28821]
	(No symbol) [0x00007FF761853840]
	(No symbol) [0x00007FF7616F578A]
	(No symbol) [0x00007FF7616F2E88]
	(No symbol) [0x00007FF7616E3BF9]
	(No symbol) [0x00007FF7616E594F]
	(No symbol) [0x00007FF7616E3EBF]
	(No symbol) [0x00007FF7616E371B]
	(No symbol) [0x00007FF7616E365A]
	(No symbol) [0x00007FF7616E1274]
	(No symbol) [0x00007FF7616E1B3C]
	(No symbol) [0x00007FF7616F885A]
	(No symbol) [0x00007FF7617901FE]
	(No symbol) [0x00007FF76176F2FA]
	(No symbol) [0x00007FF76178F412]
	(No symbol) [0x00007FF76176F0A3]
	(No symbol) [0x00007FF76173A778]
	(No symbol) [0x00007FF76173B8E1]
	GetHandleVerifier [0x00007FF761C1FCAD+3408013]
	GetHandleVerifier [0x00007FF761C3741F+3504127]
	GetHandleVerifier [0x00007FF761C2B5FD+3455453]
	GetHandleVerifier [0x00007FF7619ABDBB+835995]
	(No symbol) [0x00007FF76185EB5F]
	(No symbol) [0x00007FF76185A814]
	(No symbol) [0x00007FF76185A9AD]
	(No symbol) [0x00007FF76184A199]
	BaseThreadInitThunk [0x00007FFEECDF7374+20]
	RtlUserThreadStart [0x00007FFEEE5FCC91+33]
</status>
</kw>
<kw name="Tirar print do teste">
<status status="NOT RUN" start="2024-11-28T19:47:55.897077" elapsed="0.000117"/>
</kw>
<kw name="Clicar em Link de Login">
<status status="NOT RUN" start="2024-11-28T19:47:55.899250" elapsed="0.000164"/>
</kw>
<kw name="Tirar print do teste">
<status status="NOT RUN" start="2024-11-28T19:47:55.907933" elapsed="0.000142"/>
</kw>
<kw name="Preencher Campo de E-mail">
<status status="NOT RUN" start="2024-11-28T19:47:55.911893" elapsed="0.000147"/>
</kw>
<kw name="Preencher Campo de Senha">
<status status="NOT RUN" start="2024-11-28T19:47:55.913134" elapsed="0.000777"/>
</kw>
<kw name="Tirar print do teste">
<status status="NOT RUN" start="2024-11-28T19:47:55.914803" elapsed="0.008954"/>
</kw>
<kw name="Clicar em Botão de Login">
<status status="NOT RUN" start="2024-11-28T19:47:55.936676" elapsed="0.001875"/>
</kw>
<kw name="Tirar print do teste">
<status status="NOT RUN" start="2024-11-28T19:47:55.946118" elapsed="0.000825"/>
</kw>
<kw name="Verificar texto login realizado">
<status status="NOT RUN" start="2024-11-28T19:47:55.949471" elapsed="0.000139"/>
</kw>
<tag>Cenario1</tag>
<status status="FAIL" start="2024-11-28T19:47:47.916532" elapsed="8.034851">WebDriverException: Message: unknown error: net::ERR_NAME_NOT_RESOLVED
  (Session info: chrome=131.0.6778.86)
Stacktrace:
	GetHandleVerifier [0x00007FF7618E6CB5+28821]
	(No symbol) [0x00007FF761853840]
	(No symbol) [0x00007FF7616F578A]
	(No symbol) [0x00007FF7616F2E88]
	(No symbol) [0x00007FF7616E3BF9]
	(No symbol) [0x00007FF7616E594F]
	(No symbol) [0x00007FF7616E3EBF]
	(No symbol) [0x00007FF7616E371B]
	(No symbol) [0x00007FF7616E365A]
	(No symbol) [0x00007FF7616E1274]
	(No symbol) [0x00007FF7616E1B3C]
	(No symbol) [0x00007FF7616F885A]
	(No symbol) [0x00007FF7617901FE]
	(No symbol) [0x00007FF76176F2FA]
	(No symbol) [0x00007FF76178F412]
	(No symbol) [0x00007FF76176F0A3]
	(No symbol) [0x00007FF76173A778]
	(No symbol) [0x00007FF76173B8E1]
	GetHandleVerifier [0x00007FF761C1FCAD+3408013]
	GetHandleVerifier [0x00007FF761C3741F+3504127]
	GetHandleVerifier [0x00007FF761C2B5FD+3455453]
	GetHandleVerifier [0x00007FF7619ABDBB+835995]
	(No symbol) [0x00007FF76185EB5F]
	(No symbol) [0x00007FF76185A814]
	(No symbol) [0x00007FF76185A9AD]
	(No symbol) [0x00007FF76184A199]
	BaseThreadInitThunk [0x00007FFEECDF7374+20]
	RtlUserThreadStart [0x00007FFEEE5FCC91+33]
</status>
</test>
<status status="FAIL" start="2024-11-28T19:47:47.147140" elapsed="8.819350"/>
</suite>
<statistics>
<total>
<stat pass="0" fail="1" skip="0">All Tests</stat>
</total>
<tag>
<stat pass="0" fail="1" skip="0">Cenario1</stat>
</tag>
<suite>
<stat pass="0" fail="1" skip="0" id="s1" name="Teste">Teste</stat>
</suite>
</statistics>
<errors>
</errors>
</robot>
