<?xml version="1.0" encoding="UTF-8"?>
<robot generator="Robot 7.1.1 (Python 3.13.0 on win32)" generated="2024-11-28T19:17:27.331907" rpa="false" schemaversion="5">
<suite id="s1" name="Teste" source="C:\Users\Dell\Teste_BNB\teste.robot">
<test id="s1-t1" name="Cenário 1: Acessando o site da QAzando" line="39">
<kw name="Abrir Site">
<kw name="Open Browser" owner="SeleniumLibrary">
<msg time="2024-11-28T19:17:28.886910" level="INFO">Opening browser 'chrome' to base url 'https://automationpratice.com.br/'.</msg>
<arg>${SITE_URL}</arg>
<arg>chrome</arg>
<doc>Opens a new browser instance to the optional ``url``.</doc>
<status status="PASS" start="2024-11-28T19:17:28.881257" elapsed="17.253491"/>
</kw>
<kw name="Esperar Elemento">
<kw name="Set Selenium Implicit Wait" owner="SeleniumLibrary">
<arg>${tempo}s</arg>
<doc>Sets the implicit wait value used by Selenium.</doc>
<status status="PASS" start="2024-11-28T19:17:46.177830" elapsed="0.050168"/>
</kw>
<arg>10</arg>
<status status="PASS" start="2024-11-28T19:17:46.177053" elapsed="0.051157"/>
</kw>
<status status="PASS" start="2024-11-28T19:17:28.875670" elapsed="17.352683"/>
</kw>
<kw name="Tirar print do teste">
<kw name="Capture Page Screenshot" owner="SeleniumLibrary">
<msg time="2024-11-28T19:17:47.317769" level="INFO" html="true">&lt;/td&gt;&lt;/tr&gt;&lt;tr&gt;&lt;td colspan="3"&gt;&lt;a href="selenium-screenshot-1.png"&gt;&lt;img src="selenium-screenshot-1.png" width="800px"&gt;&lt;/a&gt;</msg>
<doc>Takes a screenshot of the current page and embeds it into a log file.</doc>
<status status="PASS" start="2024-11-28T19:17:46.229493" elapsed="1.088566"/>
</kw>
<status status="PASS" start="2024-11-28T19:17:46.228962" elapsed="1.089322"/>
</kw>
<kw name="Clicar em Link de Login">
<kw name="Click Element" owner="SeleniumLibrary">
<msg time="2024-11-28T19:17:47.323270" level="INFO">Clicking element 'xpath://a[@href='/login']'.</msg>
<arg>xpath://a[@href='/login']</arg>
<doc>Click the element identified by ``locator``.</doc>
<status status="PASS" start="2024-11-28T19:17:47.322401" elapsed="0.382032"/>
</kw>
<status status="PASS" start="2024-11-28T19:17:47.321670" elapsed="0.383186"/>
</kw>
<kw name="Tirar print do teste">
<kw name="Capture Page Screenshot" owner="SeleniumLibrary">
<msg time="2024-11-28T19:17:48.046891" level="INFO" html="true">&lt;/td&gt;&lt;/tr&gt;&lt;tr&gt;&lt;td colspan="3"&gt;&lt;a href="selenium-screenshot-2.png"&gt;&lt;img src="selenium-screenshot-2.png" width="800px"&gt;&lt;/a&gt;</msg>
<doc>Takes a screenshot of the current page and embeds it into a log file.</doc>
<status status="PASS" start="2024-11-28T19:17:47.728358" elapsed="0.318855"/>
</kw>
<status status="PASS" start="2024-11-28T19:17:47.725771" elapsed="0.321703"/>
</kw>
<kw name="Preencher Campo de E-mail">
<kw name="Input Text" owner="SeleniumLibrary">
<msg time="2024-11-28T19:17:48.056155" level="INFO">Typing text 'qazando@teste.com' into text field 'id:user'.</msg>
<arg>id:user</arg>
<arg>${USUARIO_EMAIL}</arg>
<doc>Types the given ``text`` into the text field identified by ``locator``.</doc>
<status status="PASS" start="2024-11-28T19:17:48.051641" elapsed="0.595079"/>
</kw>
<status status="PASS" start="2024-11-28T19:17:48.050209" elapsed="0.596938"/>
</kw>
<kw name="Preencher Campo de Senha">
<kw name="Input Text" owner="SeleniumLibrary">
<msg time="2024-11-28T19:17:48.649941" level="INFO">Typing text '123456' into text field 'id:password'.</msg>
<arg>id:password</arg>
<arg>${USUAARIO_SENHA}</arg>
<doc>Types the given ``text`` into the text field identified by ``locator``.</doc>
<status status="PASS" start="2024-11-28T19:17:48.648913" elapsed="0.248025"/>
</kw>
<status status="PASS" start="2024-11-28T19:17:48.648072" elapsed="0.249287"/>
</kw>
<kw name="Tirar print do teste">
<kw name="Capture Page Screenshot" owner="SeleniumLibrary">
<msg time="2024-11-28T19:17:49.192321" level="INFO" html="true">&lt;/td&gt;&lt;/tr&gt;&lt;tr&gt;&lt;td colspan="3"&gt;&lt;a href="selenium-screenshot-3.png"&gt;&lt;img src="selenium-screenshot-3.png" width="800px"&gt;&lt;/a&gt;</msg>
<doc>Takes a screenshot of the current page and embeds it into a log file.</doc>
<status status="PASS" start="2024-11-28T19:17:48.899819" elapsed="0.292760"/>
</kw>
<status status="PASS" start="2024-11-28T19:17:48.898635" elapsed="0.294205"/>
</kw>
<kw name="Clicar em Botão de Login">
<kw name="Click Element" owner="SeleniumLibrary">
<msg time="2024-11-28T19:17:49.195601" level="INFO">Clicking element 'id:btnLogin'.</msg>
<arg>id:btnLogin</arg>
<doc>Click the element identified by ``locator``.</doc>
<status status="PASS" start="2024-11-28T19:17:49.195157" elapsed="0.324987"/>
</kw>
<status status="PASS" start="2024-11-28T19:17:49.194370" elapsed="0.326113"/>
</kw>
<kw name="Tirar print do teste">
<kw name="Capture Page Screenshot" owner="SeleniumLibrary">
<msg time="2024-11-28T19:17:50.391544" level="INFO" html="true">&lt;/td&gt;&lt;/tr&gt;&lt;tr&gt;&lt;td colspan="3"&gt;&lt;a href="selenium-screenshot-4.png"&gt;&lt;img src="selenium-screenshot-4.png" width="800px"&gt;&lt;/a&gt;</msg>
<doc>Takes a screenshot of the current page and embeds it into a log file.</doc>
<status status="PASS" start="2024-11-28T19:17:49.531951" elapsed="0.860127"/>
</kw>
<status status="PASS" start="2024-11-28T19:17:49.530656" elapsed="0.862391"/>
</kw>
<kw name="Verificar texto login realizado">
<kw name="Get Text" owner="SeleniumLibrary">
<msg time="2024-11-28T19:17:50.899178" level="INFO">${texto_atual} = Login realizado</msg>
<var>${texto_atual}</var>
<arg>id:swal2-title</arg>
<doc>Returns the text value of the element identified by ``locator``.</doc>
<status status="PASS" start="2024-11-28T19:17:50.484485" elapsed="0.416094"/>
</kw>
<kw name="Should Be Equal As Strings" owner="BuiltIn">
<arg>${texto_atual}</arg>
<arg>Login realizado</arg>
<doc>Fails if objects are unequal after converting them to strings.</doc>
<status status="PASS" start="2024-11-28T19:17:50.903373" elapsed="0.001417"/>
</kw>
<status status="PASS" start="2024-11-28T19:17:50.483765" elapsed="0.421444"/>
</kw>
<tag>Cenario1</tag>
<status status="PASS" start="2024-11-28T19:17:28.867596" elapsed="22.042767"/>
</test>
<status status="PASS" start="2024-11-28T19:17:27.345213" elapsed="23.582987"/>
</suite>
<statistics>
<total>
<stat pass="1" fail="0" skip="0">All Tests</stat>
</total>
<tag>
<stat pass="1" fail="0" skip="0">Cenario1</stat>
</tag>
<suite>
<stat pass="1" fail="0" skip="0" id="s1" name="Teste">Teste</stat>
</suite>
</statistics>
<errors>
</errors>
</robot>
