<?xml version="1.0" encoding="UTF-8"?>
<robot generator="Robot 7.1.1 (Python 3.13.0 on win32)" generated="2024-11-28T20:11:12.360915" rpa="false" schemaversion="5">
<suite id="s1" name="Teste2" source="C:\Users\Dell\Teste_BNB\Testes\teste2.robot">
<test id="s1-t1" name="Cenário 1: Acessando site BNB" line="18">
<kw name="Abrir site BNB">
<kw name="Open Browser" owner="SeleniumLibrary">
<msg time="2024-11-28T20:11:13.236861" level="INFO">Opening browser 'chrome' to base url 'https://bnb.gov.br/'.</msg>
<arg>${SITE_URL_BNB}</arg>
<arg>chrome</arg>
<doc>Opens a new browser instance to the optional ``url``.</doc>
<status status="PASS" start="2024-11-28T20:11:13.236368" elapsed="8.028770"/>
</kw>
<status status="PASS" start="2024-11-28T20:11:13.235073" elapsed="8.030752"/>
</kw>
<kw name="Esperar Página Carregar">
<kw name="Sleep" owner="BuiltIn">
<msg time="2024-11-28T20:11:31.289619" level="INFO">Slept 10 seconds.</msg>
<arg>10s</arg>
<doc>Pauses the test executed for the given time.</doc>
<status status="PASS" start="2024-11-28T20:11:21.269906" elapsed="10.020589"/>
</kw>
<status status="PASS" start="2024-11-28T20:11:21.268717" elapsed="10.022635"/>
</kw>
<tag>Cenario1</tag>
<status status="PASS" start="2024-11-28T20:11:13.233507" elapsed="18.063087"/>
</test>
<status status="PASS" start="2024-11-28T20:11:12.365832" elapsed="18.938733"/>
</suite>
<statistics>
<total>
<stat pass="1" fail="0" skip="0">All Tests</stat>
</total>
<tag>
<stat pass="1" fail="0" skip="0">Cenario1</stat>
</tag>
<suite>
<stat pass="1" fail="0" skip="0" id="s1" name="Teste2">Teste2</stat>
</suite>
</statistics>
<errors>
</errors>
</robot>
